The system is: Windows - 10.0.19045 - AMD64
Compiling the C compiler identification source file "CMakeCCompilerId.c" succeeded.
Compiler: D:/oop/1/VC/Tools/MSVC/14.35.32215/bin/Hostx64/x64/cl.exe 
Build flags: 
Id flags:  

The output was:
0
Оптимизирующий компилятор Microsoft (R) C/C++ версии 19.35.32215 для x64
(C) Корпорация Майкрософт (Microsoft Corporation).  Все права защищены.

CMakeCCompilerId.c
Microsoft (R) Incremental Linker Version 14.35.32215.0
Copyright (C) Microsoft Corporation.  All rights reserved.

/out:CMakeCCompilerId.exe 
CMakeCCompilerId.obj 


Compilation of the C compiler identification source "CMakeCCompilerId.c" produced "CMakeCCompilerId.exe"

Compilation of the C compiler identification source "CMakeCCompilerId.c" produced "CMakeCCompilerId.obj"

The C compiler identification is MSVC, found in "D:/oop/rational/out/build/x64-Debug/CMakeFiles/3.25.1-msvc1/CompilerIdC/CMakeCCompilerId.exe"

Compiling the CXX compiler identification source file "CMakeCXXCompilerId.cpp" succeeded.
Compiler: D:/oop/1/VC/Tools/MSVC/14.35.32215/bin/Hostx64/x64/cl.exe 
Build flags: 
Id flags:  

The output was:
0
Оптимизирующий компилятор Microsoft (R) C/C++ версии 19.35.32215 для x64
(C) Корпорация Майкрософт (Microsoft Corporation).  Все права защищены.

CMakeCXXCompilerId.cpp
Microsoft (R) Incremental Linker Version 14.35.32215.0
Copyright (C) Microsoft Corporation.  All rights reserved.

/out:CMakeCXXCompilerId.exe 
CMakeCXXCompilerId.obj 


Compilation of the CXX compiler identification source "CMakeCXXCompilerId.cpp" produced "CMakeCXXCompilerId.exe"

Compilation of the CXX compiler identification source "CMakeCXXCompilerId.cpp" produced "CMakeCXXCompilerId.obj"

The CXX compiler identification is MSVC, found in "D:/oop/rational/out/build/x64-Debug/CMakeFiles/3.25.1-msvc1/CompilerIdCXX/CMakeCXXCompilerId.exe"

Detecting C compiler ABI info compiled with the following output:
Change Dir: D:/oop/rational/out/build/x64-Debug/CMakeFiles/CMakeScratch/TryCompile-zbmabv

Run Build Command(s):D:\OOP\1\COMMON7\IDE\COMMONEXTENSIONS\Microsoft\CMake\Ninja\ninja.exe cmTC_03785 && [1/2] Building C object CMakeFiles\cmTC_03785.dir\CMakeCCompilerABI.c.obj
[2/2] Linking C executable cmTC_03785.exe



Detecting CXX compiler ABI info compiled with the following output:
Change Dir: D:/oop/rational/out/build/x64-Debug/CMakeFiles/CMakeScratch/TryCompile-xpa08o

Run Build Command(s):D:\OOP\1\COMMON7\IDE\COMMONEXTENSIONS\Microsoft\CMake\Ninja\ninja.exe cmTC_97c17 && [1/2] Building CXX object CMakeFiles\cmTC_97c17.dir\CMakeCXXCompilerABI.cpp.obj
[2/2] Linking CXX executable cmTC_97c17.exe



